<?xml version="1.0" encoding="utf-8"?><testsuites name="pytest tests"><testsuite name="pytest" errors="0" failures="4" skipped="0" tests="27" time="114.038" timestamp="2026-05-28T03:47:42.858230+00:00" hostname="agent-env-212411fc-e66c-4833-b808-0d9acfdfde95"><testcase classname="backend.tests.test_pcm_phases" name="test_login_all_roles[admin]" time="5.353" /><testcase classname="backend.tests.test_pcm_phases" name="test_login_all_roles[lider]" time="1.821" /><testcase classname="backend.tests.test_pcm_phases" name="test_login_all_roles[tecnico]" time="1.812" /><testcase classname="backend.tests.test_pcm_phases" name="test_login_all_roles[operador]" time="1.794" /><testcase classname="backend.tests.test_pcm_phases" name="test_fase1_os_fields_present" time="16.487" /><testcase classname="backend.tests.test_pcm_phases" name="test_fase1_create_user_with_employee_id" time="2.428" /><testcase classname="backend.tests.test_pcm_phases" name="test_fase2_sectors_public" time="0.702" /><testcase classname="backend.tests.test_pcm_phases" name="test_fase2_tecnico_login_success" time="2.535" /><testcase classname="backend.tests.test_pcm_phases" name="test_fase2_tecnico_login_wrong_password" time="1.632" /><testcase classname="backend.tests.test_pcm_phases" name="test_fase2_tecnico_login_unknown_sector" time="0.698" /><testcase classname="backend.tests.test_pcm_phases" name="test_fase3_1_failure_group_block_and_alternate" time="19.395"><failure message="AssertionError: Internal Server Error&#10;assert 500 in (200, 201)&#10; +  where 500 = &lt;Response [500]&gt;.status_code">backend/tests/test_pcm_phases.py:164: in test_fase3_1_failure_group_block_and_alternate
    assert r1.status_code in (200, 201), r1.text
E   AssertionError: Internal Server Error
E   assert 500 in (200, 201)
E    +  where 500 = &lt;Response [500]&gt;.status_code</failure></testcase><testcase classname="backend.tests.test_pcm_phases" name="test_fase3_2_ocorrencia_append" time="17.744"><failure message="AssertionError: Internal Server Error&#10;assert 500 in (200, 201)&#10; +  where 500 = &lt;Response [500]&gt;.status_code">backend/tests/test_pcm_phases.py:199: in test_fase3_2_ocorrencia_append
    assert r.status_code in (200, 201), r.text
E   AssertionError: Internal Server Error
E   assert 500 in (200, 201)
E    +  where 500 = &lt;Response [500]&gt;.status_code</failure></testcase><testcase classname="backend.tests.test_pcm_phases" name="test_fase3_3_response_time_on_em_atendimento" time="17.717"><failure message="AssertionError: Internal Server Error&#10;assert 500 in (200, 201)&#10; +  where 500 = &lt;Response [500]&gt;.status_code">backend/tests/test_pcm_phases.py:230: in test_fase3_3_response_time_on_em_atendimento
    assert r.status_code in (200, 201), r.text
E   AssertionError: Internal Server Error
E   assert 500 in (200, 201)
E    +  where 500 = &lt;Response [500]&gt;.status_code</failure></testcase><testcase classname="backend.tests.test_pcm_phases" name="test_fase4_1_dashboard_operador_as_operador" time="1.886" /><testcase classname="backend.tests.test_pcm_phases" name="test_fase4_1_dashboard_operador_as_tecnico" time="3.684" /><testcase classname="backend.tests.test_pcm_phases" name="test_fase4_1_dashboard_operador_as_admin_forbidden" time="0.721" /><testcase classname="backend.tests.test_pcm_phases" name="test_fase4_2_dashboard_lider_as_lider" time="4.312" /><testcase classname="backend.tests.test_pcm_phases" name="test_fase4_2_dashboard_lider_as_operador_forbidden" time="0.777" /><testcase classname="backend.tests.test_pcm_phases" name="test_fase4_3_dashboard_superusuario_forbidden_for_admin" time="0.691" /><testcase classname="backend.tests.test_pcm_phases" name="test_fase4_3_dashboard_superusuario_forbidden_for_lider" time="0.692" /><testcase classname="backend.tests.test_pcm_phases" name="test_regression_endpoints[/billing/plan-admin-200]" time="1.330" /><testcase classname="backend.tests.test_pcm_phases" name="test_regression_endpoints[/billing/transactions-admin-200]" time="0.846" /><testcase classname="backend.tests.test_pcm_phases" name="test_regression_endpoints[/dashboard/kpis-admin-200]" time="1.004"><failure message="AssertionError: /dashboard/kpis -&gt; 500 Internal Server Error&#10;assert 500 == 200&#10; +  where 500 = &lt;Response [500]&gt;.status_code">backend/tests/test_pcm_phases.py:309: in test_regression_endpoints
    assert r.status_code == expected, f"{path} -&gt; {r.status_code} {r.text[:200]}"
E   AssertionError: /dashboard/kpis -&gt; 500 Internal Server Error
E   assert 500 == 200
E    +  where 500 = &lt;Response [500]&gt;.status_code</failure></testcase><testcase classname="backend.tests.test_pcm_phases" name="test_regression_endpoints[/auditoria-admin-200]" time="0.872" /><testcase classname="backend.tests.test_pcm_phases" name="test_regression_endpoints[/ordens-servico/pending-reviews-admin-200]" time="2.762" /><testcase classname="backend.tests.test_pcm_phases" name="test_regression_endpoints[/equipamentos-admin-200]" time="0.857" /><testcase classname="backend.tests.test_pcm_phases" name="test_regression_post_equipamento" time="3.250" /></testsuite></testsuites>