<?xml version="1.0" encoding="utf-8"?><testsuites name="pytest tests"><testsuite name="pytest" errors="0" failures="0" skipped="0" tests="27" time="171.109" timestamp="2026-05-28T03:57:39.133243+00:00" hostname="agent-env-212411fc-e66c-4833-b808-0d9acfdfde95"><testcase classname="backend.tests.test_pcm_phases" name="test_login_all_roles[admin]" time="1.822" /><testcase classname="backend.tests.test_pcm_phases" name="test_login_all_roles[lider]" time="1.810" /><testcase classname="backend.tests.test_pcm_phases" name="test_login_all_roles[tecnico]" time="1.784" /><testcase classname="backend.tests.test_pcm_phases" name="test_login_all_roles[operador]" time="1.853" /><testcase classname="backend.tests.test_pcm_phases" name="test_fase1_os_fields_present" time="19.213" /><testcase classname="backend.tests.test_pcm_phases" name="test_fase1_create_user_with_employee_id" time="2.447" /><testcase classname="backend.tests.test_pcm_phases" name="test_fase2_sectors_public" time="0.693" /><testcase classname="backend.tests.test_pcm_phases" name="test_fase2_tecnico_login_success" time="2.332" /><testcase classname="backend.tests.test_pcm_phases" name="test_fase2_tecnico_login_wrong_password" time="1.619" /><testcase classname="backend.tests.test_pcm_phases" name="test_fase2_tecnico_login_unknown_sector" time="0.691" /><testcase classname="backend.tests.test_pcm_phases" name="test_fase3_1_failure_group_block_and_alternate" time="34.637" /><testcase classname="backend.tests.test_pcm_phases" name="test_fase3_2_ocorrencia_append" time="42.196" /><testcase classname="backend.tests.test_pcm_phases" name="test_fase3_3_response_time_on_em_atendimento" time="35.088" /><testcase classname="backend.tests.test_pcm_phases" name="test_fase4_1_dashboard_operador_as_operador" time="1.910" /><testcase classname="backend.tests.test_pcm_phases" name="test_fase4_1_dashboard_operador_as_tecnico" time="1.866" /><testcase classname="backend.tests.test_pcm_phases" name="test_fase4_1_dashboard_operador_as_admin_forbidden" time="0.699" /><testcase classname="backend.tests.test_pcm_phases" name="test_fase4_2_dashboard_lider_as_lider" time="4.289" /><testcase classname="backend.tests.test_pcm_phases" name="test_fase4_2_dashboard_lider_as_operador_forbidden" time="0.697" /><testcase classname="backend.tests.test_pcm_phases" name="test_fase4_3_dashboard_superusuario_forbidden_for_admin" time="0.717" /><testcase classname="backend.tests.test_pcm_phases" name="test_fase4_3_dashboard_superusuario_forbidden_for_lider" time="0.718" /><testcase classname="backend.tests.test_pcm_phases" name="test_regression_endpoints[/billing/plan-admin-200]" time="1.281" /><testcase classname="backend.tests.test_pcm_phases" name="test_regression_endpoints[/billing/transactions-admin-200]" time="0.863" /><testcase classname="backend.tests.test_pcm_phases" name="test_regression_endpoints[/dashboard/kpis-admin-200]" time="5.723" /><testcase classname="backend.tests.test_pcm_phases" name="test_regression_endpoints[/auditoria-admin-200]" time="0.897" /><testcase classname="backend.tests.test_pcm_phases" name="test_regression_endpoints[/ordens-servico/pending-reviews-admin-200]" time="1.450" /><testcase classname="backend.tests.test_pcm_phases" name="test_regression_endpoints[/equipamentos-admin-200]" time="0.840" /><testcase classname="backend.tests.test_pcm_phases" name="test_regression_post_equipamento" time="2.895" /></testsuite></testsuites>